::1 - - [07/Dec/2022:13:08:49 +0000] "POST /api/v1/users/signup HTTP/1.1" - - "-" "PostmanRuntime/7.29.2"
::1 - - [07/Dec/2022:13:09:43 +0000] "POST /api/v1/users/signup HTTP/1.1" - - "-" "PostmanRuntime/7.29.2"
::1 - - [07/Dec/2022:13:12:45 +0000] "POST /api/v1/users/signup HTTP/1.1" - - "-" "PostmanRuntime/7.29.2"
::1 - - [07/Dec/2022:13:16:47 +0000] "POST /api/v1/users/signu HTTP/1.1" 500 1361 "-" "PostmanRuntime/7.29.2"
::1 - - [07/Dec/2022:13:17:50 +0000] "POST /api/v1/users/signup HTTP/1.1" - - "-" "PostmanRuntime/7.29.2"
::1 - - [07/Dec/2022:13:18:25 +0000] "POST /api/v1/users/signup HTTP/1.1" 400 347 "-" "PostmanRuntime/7.29.2"
::1 - - [07/Dec/2022:13:19:09 +0000] "POST /api/v1/users/signup HTTP/1.1" 500 353 "-" "PostmanRuntime/7.29.2"
::1 - - [07/Dec/2022:13:20:26 +0000] "POST /api/v1/users/signup HTTP/1.1" 500 710 "-" "PostmanRuntime/7.29.2"
::1 - - [07/Dec/2022:13:22:29 +0000] "POST /api/v1/users/signup HTTP/1.1" 500 670 "-" "PostmanRuntime/7.29.2"
::1 - - [07/Dec/2022:13:23:17 +0000] "POST /api/v1/users/signup HTTP/1.1" 500 670 "-" "PostmanRuntime/7.29.2"
::1 - - [07/Dec/2022:13:24:00 +0000] "POST /api/v1/users/signup HTTP/1.1" 500 822 "-" "PostmanRuntime/7.29.2"
::1 - - [07/Dec/2022:13:24:09 +0000] "POST /api/v1/users/signup HTTP/1.1" 500 670 "-" "PostmanRuntime/7.29.2"
::1 - - [07/Dec/2022:13:24:37 +0000] "POST /api/v1/users/signup HTTP/1.1" 500 822 "-" "PostmanRuntime/7.29.2"
::1 - - [07/Dec/2022:13:28:08 +0000] "POST /api/v1/users/signup HTTP/1.1" 500 333 "-" "PostmanRuntime/7.29.2"
::1 - - [07/Dec/2022:13:32:09 +0000] "POST /api/v1/users/signup HTTP/1.1" - - "-" "PostmanRuntime/7.29.2"
::1 - - [07/Dec/2022:13:32:55 +0000] "POST /api/v1/users/signup HTTP/1.1" 404 135 "-" "PostmanRuntime/7.29.2"
::1 - - [07/Dec/2022:13:33:56 +0000] "POST /api/v1/users/signup HTTP/1.1" 404 117 "-" "PostmanRuntime/7.29.2"
::1 - - [07/Dec/2022:13:41:40 +0000] "POST /api/v1/users/signup HTTP/1.1" 404 117 "-" "PostmanRuntime/7.29.2"
::1 - - [07/Dec/2022:13:43:58 +0000] "POST /api/v1/users/signup HTTP/1.1" 404 117 "-" "PostmanRuntime/7.29.2"
::1 - - [07/Dec/2022:13:45:56 +0000] "POST /api/v1/users/signup HTTP/1.1" 404 135 "-" "PostmanRuntime/7.29.2"
::1 - - [07/Dec/2022:13:53:52 +0000] "POST /api/v1/users/signup HTTP/1.1" 201 465 "-" "PostmanRuntime/7.29.2"
::1 - - [07/Dec/2022:13:54:11 +0000] "POST /api/v1/users/signin HTTP/1.1" 200 303 "-" "PostmanRuntime/7.29.2"
::1 - - [07/Dec/2022:13:54:18 +0000] "POST /api/v1/users/signin HTTP/1.1" 401 55 "-" "PostmanRuntime/7.29.2"
::1 - - [07/Dec/2022:13:54:31 +0000] "POST /api/v1/users/signin HTTP/1.1" 400 30 "-" "PostmanRuntime/7.29.2"
::1 - - [07/Dec/2022:13:55:35 +0000] "POST /api/v1/users/signin HTTP/1.1" 400 81 "-" "PostmanRuntime/7.29.2"
::1 - - [07/Dec/2022:13:55:57 +0000] "POST /api/v1/users/signin HTTP/1.1" 400 81 "-" "PostmanRuntime/7.29.2"
::1 - - [07/Dec/2022:13:56:08 +0000] "POST /api/v1/users/signin HTTP/1.1" 200 303 "-" "PostmanRuntime/7.29.2"
::1 - - [07/Dec/2022:13:56:23 +0000] "POST /api/v1/users/signin HTTP/1.1" 400 81 "-" "PostmanRuntime/7.29.2"
::1 - - [07/Dec/2022:13:57:28 +0000] "POST /api/v1/users/signin HTTP/1.1" 401 55 "-" "PostmanRuntime/7.29.2"
::1 - - [07/Dec/2022:13:57:49 +0000] "GET /api/v1/users/ HTTP/1.1" 500 1452 "-" "PostmanRuntime/7.29.2"
::1 - - [07/Dec/2022:14:00:05 +0000] "GET /api/v1/users/ HTTP/1.1" 500 1452 "-" "PostmanRuntime/7.29.2"
::1 - - [07/Dec/2022:14:01:18 +0000] "GET /api/v1/users/ HTTP/1.1" 500 1452 "-" "PostmanRuntime/7.29.2"
::1 - - [07/Dec/2022:14:01:29 +0000] "POST /api/v1/users/signin HTTP/1.1" 200 303 "-" "PostmanRuntime/7.29.2"
::1 - - [07/Dec/2022:14:01:42 +0000] "GET /api/v1/users/ HTTP/1.1" 500 1452 "-" "PostmanRuntime/7.29.2"
::1 - - [07/Dec/2022:14:03:04 +0000] "POST /api/v1/users/signin HTTP/1.1" 200 303 "-" "PostmanRuntime/7.29.2"
::1 - - [07/Dec/2022:14:03:51 +0000] "POST /api/v1/users/signin HTTP/1.1" 201 420 "-" "PostmanRuntime/7.29.2"
::1 - - [07/Dec/2022:14:04:24 +0000] "GET /api/v1/users/ HTTP/1.1" 500 1452 "-" "PostmanRuntime/7.29.2"
::1 - - [07/Dec/2022:14:08:14 +0000] "GET /api/v1/users/ HTTP/1.1" 500 1474 "-" "PostmanRuntime/7.29.2"
::1 - - [07/Dec/2022:14:08:19 +0000] "GET /api/v1/users/ HTTP/1.1" 500 1474 "-" "PostmanRuntime/7.29.2"
::1 - - [07/Dec/2022:14:11:22 +0000] "GET /api/v1/users/ HTTP/1.1" 200 964 "-" "PostmanRuntime/7.29.2"
::1 - - [07/Dec/2022:14:11:37 +0000] "GET /api/v1/users/ HTTP/1.1" 500 1452 "-" "PostmanRuntime/7.29.2"
::1 - - [07/Dec/2022:14:12:51 +0000] "GET /api/v1/users/ HTTP/1.1" 200 964 "-" "PostmanRuntime/7.29.2"
::1 - - [07/Dec/2022:14:13:56 +0000] "GET /api/v1/users/ HTTP/1.1" 500 1474 "-" "PostmanRuntime/7.29.2"
::1 - - [07/Dec/2022:14:14:14 +0000] "GET /api/v1/users/ HTTP/1.1" 500 1452 "-" "PostmanRuntime/7.29.2"
::1 - - [07/Dec/2022:14:14:44 +0000] "GET /api/v1/users/ HTTP/1.1" 500 1436 "-" "PostmanRuntime/7.29.2"
::1 - - [07/Dec/2022:14:17:23 +0000] "GET /api/v1/users/ HTTP/1.1" 500 1436 "-" "PostmanRuntime/7.29.2"
::1 - - [07/Dec/2022:14:18:20 +0000] "GET /api/v1/users/ HTTP/1.1" 500 1413 "-" "PostmanRuntime/7.29.2"
::1 - - [07/Dec/2022:14:18:53 +0000] "GET /api/v1/users/ HTTP/1.1" 500 350 "-" "PostmanRuntime/7.29.2"
::1 - - [07/Dec/2022:14:19:01 +0000] "GET /api/v1/users/ HTTP/1.1" 500 350 "-" "PostmanRuntime/7.29.2"
::1 - - [07/Dec/2022:14:19:43 +0000] "GET /api/v1/users/ HTTP/1.1" 200 964 "-" "PostmanRuntime/7.29.2"
::1 - - [07/Dec/2022:14:20:47 +0000] "GET /api/v1/users/63909aece6168ff296f4bd5a HTTP/1.1" 200 229 "-" "PostmanRuntime/7.29.2"
::1 - - [07/Dec/2022:14:22:23 +0000] "GET /api/v1/profiles/ HTTP/1.1" 500 1474 "-" "PostmanRuntime/7.29.2"
::1 - - [07/Dec/2022:14:22:39 +0000] "GET /api/v1/profiles/ HTTP/1.1" 500 1474 "-" "PostmanRuntime/7.29.2"
::1 - - [07/Dec/2022:14:23:09 +0000] "GET /api/v1/profiles/ HTTP/1.1" 500 500 "-" "PostmanRuntime/7.29.2"
::1 - - [07/Dec/2022:14:24:00 +0000] "GET /api/v1/profiles/createprofile HTTP/1.1" 401 1413 "-" "PostmanRuntime/7.29.2"
::1 - - [07/Dec/2022:14:24:15 +0000] "GET /api/v1/profiles/createprofile HTTP/1.1" 500 616 "-" "PostmanRuntime/7.29.2"
::1 - - [07/Dec/2022:14:57:34 +0000] "GET /api/v1/profiles/createprofile HTTP/1.1" 500 616 "-" "PostmanRuntime/7.29.2"
::1 - - [07/Dec/2022:16:32:23 +0000] "GET /api/v1/profiles/createprofile HTTP/1.1" 500 616 "-" "PostmanRuntime/7.29.2"
